Exporter version: 3.3.0, Blender version: 3.3.0
========= Conversion from Blender to Babylon.js =========
	Scene settings used :
		Inline textures     :  false
		Material Type       :  PBR
		Positions Precision :  4
		Normals Precision   :  3
		UVs Precision       :  3
		Vert Color Precision:  3
		Mat Weight Precision:  2
		Keep Z-up r-handed  :  no
		Texture directory   :  C:\Users\Leinylson\Documents\game\assets\ambiente\
	Python World class constructor completed
	processing begun of mesh:  Maze_Hedge_0
		processing begun of material:  Hedge
		Custom split normals with tangents being used
		num positions      :  12675
		num normals        :  12675
		num tangents       :  50700
		num uvs            :  25350
		num uvs2           :  0
		num colors         :  0
		num triangles      :  7892
		WARNING: # of 0 area faces found:  22
========= Writing of JSON file started =========
	writing mesh:  Maze_Hedge_0
========= Writing of JSON file completed =========
========= end of processing =========
elapsed time:  0 min, 1.2538 secs
